<?xml version="1.0" encoding="UTF-8"?>
<!-- Generated by org.testng.reporters.JUnitReportReporter -->
<testsuite skipped="0" hostname="akshay-ThinkPad-L440" name="com.buzzybrains.MultipleDataSourceApplicationTests" tests="2" failures="0" timestamp="19 Mar 2019 10:12:46 GMT" time="0.464" errors="0">
  <testcase name="testUserCreate" time="0.047" classname="com.buzzybrains.MultipleDataSourceApplicationTests"/>
  <testcase name="testProductCreate" time="0.417" classname="com.buzzybrains.MultipleDataSourceApplicationTests"/>
</testsuite> <!-- com.buzzybrains.MultipleDataSourceApplicationTests -->
